<?xml version="1.0" encoding="UTF-8"?>
<!-- Generated by org.testng.reporters.JUnitReportReporter -->
<testsuite skipped="0" hostname="DESKTOP-7E96186" name="Com.catnav.QAM.TestCases.OrderSubmissionTest" tests="1" failures="0" timestamp="06 Oct 2019 14:23:08 GMT" time="94.256" errors="0">
  <testcase name="verifyOrdersubmission" time="94.256" classname="Com.catnav.QAM.TestCases.OrderSubmissionTest"/>
</testsuite> <!-- Com.catnav.QAM.TestCases.OrderSubmissionTest -->
